2021-08-01 18:10:26,078 - DEBUG - Using selector: KqueueSelector
2021-08-01 18:10:26,079 - DEBUG - Starting main()
2021-08-01 18:10:26,079 - DEBUG - List of videos acquired: ['v007c_engag_3840x2160_24fps_graded_v03.mov']
2021-08-01 18:17:18,421 - DEBUG - Using selector: KqueueSelector
2021-08-01 18:17:25,406 - DEBUG - Starting main()
2021-08-01 18:17:25,407 - DEBUG - List of videos acquired: ['v007c_engag_3840x2160_24fps_graded_v03.mov']
2021-08-01 18:18:50,799 - DEBUG - Using selector: KqueueSelector
2021-08-01 18:18:50,801 - DEBUG - Starting main()
2021-08-01 18:18:50,801 - DEBUG - List of videos acquired: ['v007c_engag_3840x2160_24fps_graded_v03.mov']
2021-08-01 18:22:06,077 - DEBUG - Finished runnning main(). Exiting programme
2021-08-01 18:30:53,974 - DEBUG - Using selector: KqueueSelector
2021-08-01 18:30:53,975 - DEBUG - Starting main()
2021-08-01 18:30:53,975 - DEBUG - List of videos acquired: ['v007c_engag_3840x2160_24fps_graded_v03.mov']
2021-08-01 18:30:54,486 - DEBUG - Resizing video to 1920x1080
2021-08-01 18:33:05,244 - DEBUG - Using selector: KqueueSelector
2021-08-01 18:33:05,245 - DEBUG - Starting main()
2021-08-01 18:33:05,245 - DEBUG - List of videos acquired: ['v007c_engag_3840x2160_24fps_graded_v03.mov']
2021-08-01 18:33:05,817 - DEBUG - Resizing video to 1920x1080
2021-08-01 18:33:29,439 - DEBUG - Resizing video to 3413.333333333333x1920
2021-08-01 18:33:29,691 - DEBUG - Cropping video to 1080x1920
2021-08-01 18:34:03,602 - DEBUG - Resizing video to 1920.0x1080
2021-08-01 18:34:03,749 - DEBUG - Cropping video to 1080x1080
2021-08-01 18:34:25,802 - DEBUG - Resizing video to 1920.0x1080
2021-08-01 18:34:25,953 - DEBUG - Cropping video to 1350x1080
2021-08-01 18:34:49,449 - DEBUG - Finished runnning main(). Exiting programme
